0 info it worked if it ends with ok
1 verbose cli [ 'node', '/usr/local/bin/npm', 'install' ]
2 info using npm@2.7.4
3 info using node@v0.12.2
4 warn package.json blank@0.0.0 No repository field.
5 verbose install where, deps [ '/Users/anna/Workspace/smooth',
5 verbose install   [ 'autoprefixer',
5 verbose install     'babel',
5 verbose install     'babelify',
5 verbose install     'body-parser',
5 verbose install     'browserify',
5 verbose install     'consolidate',
5 verbose install     'cookie-parser',
5 verbose install     'del',
5 verbose install     'ejs',
5 verbose install     'envify',
5 verbose install     'event-stream',
5 verbose install     'express',
5 verbose install     'express-state',
5 verbose install     'glob',
5 verbose install     'gulp',
5 verbose install     'gulp-base64',
5 verbose install     'gulp-csso',
5 verbose install     'gulp-less',
5 verbose install     'gulp-postcss',
5 verbose install     'gulp-replace',
5 verbose install     'gulp-rev',
5 verbose install     'gulp-uglify',
5 verbose install     'jquery',
5 verbose install     'jquery.finger',
5 verbose install     'lodash',
5 verbose install     'nodemon',
5 verbose install     'vinyl-source-stream' ] ]
6 verbose install where, peers [ '/Users/anna/Workspace/smooth', [] ]
7 info preinstall blank@0.0.0
8 warn package.json express-state@1.3.0 No README data
9 silly cache add args [ 'express@latest', null ]
10 verbose cache add spec express@latest
11 verbose already installed skipping express-state@^1.3.0 /Users/anna/Workspace/smooth
12 silly cache add parsed spec { raw: 'express@latest',
12 silly cache add   scope: null,
12 silly cache add   name: 'express',
12 silly cache add   rawSpec: 'latest',
12 silly cache add   spec: 'latest',
12 silly cache add   type: 'tag' }
13 verbose addNamed express@latest
14 silly addNamed semver.valid null
15 silly addNamed semver.validRange null
16 info addNameTag [ 'express', 'latest' ]
17 silly mapToRegistry name express
18 silly mapToRegistry using default registry
19 silly mapToRegistry registry https://registry.npmjs.org/
20 silly mapToRegistry uri https://registry.npmjs.org/express
21 verbose addNameTag registry:https://registry.npmjs.org/express not in flight; fetching
22 silly cache add args [ 'glob@latest', null ]
23 verbose cache add spec glob@latest
24 silly cache add args [ 'gulp@latest', null ]
25 verbose cache add spec gulp@latest
26 silly cache add args [ 'gulp-base64@latest', null ]
27 verbose cache add spec gulp-base64@latest
28 silly cache add args [ 'gulp-csso@latest', null ]
29 verbose cache add spec gulp-csso@latest
30 silly cache add parsed spec { raw: 'glob@latest',
30 silly cache add   scope: null,
30 silly cache add   name: 'glob',
30 silly cache add   rawSpec: 'latest',
30 silly cache add   spec: 'latest',
30 silly cache add   type: 'tag' }
31 verbose addNamed glob@latest
32 silly addNamed semver.valid null
33 silly addNamed semver.validRange null
34 info addNameTag [ 'glob', 'latest' ]
35 silly mapToRegistry name glob
36 silly mapToRegistry using default registry
37 silly mapToRegistry registry https://registry.npmjs.org/
38 silly mapToRegistry uri https://registry.npmjs.org/glob
39 verbose addNameTag registry:https://registry.npmjs.org/glob not in flight; fetching
40 silly cache add parsed spec { raw: 'gulp@latest',
40 silly cache add   scope: null,
40 silly cache add   name: 'gulp',
40 silly cache add   rawSpec: 'latest',
40 silly cache add   spec: 'latest',
40 silly cache add   type: 'tag' }
41 verbose addNamed gulp@latest
42 silly addNamed semver.valid null
43 silly addNamed semver.validRange null
44 info addNameTag [ 'gulp', 'latest' ]
45 silly mapToRegistry name gulp
46 silly mapToRegistry using default registry
47 silly mapToRegistry registry https://registry.npmjs.org/
48 silly mapToRegistry uri https://registry.npmjs.org/gulp
49 verbose addNameTag registry:https://registry.npmjs.org/gulp not in flight; fetching
50 silly cache add parsed spec { raw: 'gulp-base64@latest',
50 silly cache add   scope: null,
50 silly cache add   name: 'gulp-base64',
50 silly cache add   rawSpec: 'latest',
50 silly cache add   spec: 'latest',
50 silly cache add   type: 'tag' }
51 verbose addNamed gulp-base64@latest
52 silly addNamed semver.valid null
53 silly addNamed semver.validRange null
54 info addNameTag [ 'gulp-base64', 'latest' ]
55 silly mapToRegistry name gulp-base64
56 silly mapToRegistry using default registry
57 silly mapToRegistry registry https://registry.npmjs.org/
58 silly mapToRegistry uri https://registry.npmjs.org/gulp-base64
59 verbose addNameTag registry:https://registry.npmjs.org/gulp-base64 not in flight; fetching
60 silly cache add parsed spec { raw: 'gulp-csso@latest',
60 silly cache add   scope: null,
60 silly cache add   name: 'gulp-csso',
60 silly cache add   rawSpec: 'latest',
60 silly cache add   spec: 'latest',
60 silly cache add   type: 'tag' }
61 verbose addNamed gulp-csso@latest
62 silly addNamed semver.valid null
63 silly addNamed semver.validRange null
64 info addNameTag [ 'gulp-csso', 'latest' ]
65 silly mapToRegistry name gulp-csso
66 silly mapToRegistry using default registry
67 silly mapToRegistry registry https://registry.npmjs.org/
68 silly mapToRegistry uri https://registry.npmjs.org/gulp-csso
69 verbose addNameTag registry:https://registry.npmjs.org/gulp-csso not in flight; fetching
70 silly cache add args [ 'gulp-less@latest', null ]
71 verbose cache add spec gulp-less@latest
72 silly cache add args [ 'gulp-postcss@latest', null ]
73 verbose cache add spec gulp-postcss@latest
74 silly cache add args [ 'gulp-replace@latest', null ]
75 verbose cache add spec gulp-replace@latest
76 silly cache add args [ 'gulp-rev@latest', null ]
77 verbose cache add spec gulp-rev@latest
78 silly cache add args [ 'gulp-uglify@latest', null ]
79 verbose cache add spec gulp-uglify@latest
80 verbose already installed skipping jquery@^2.1.4 /Users/anna/Workspace/smooth
81 silly cache add args [ 'jquery.finger@git+https://github.com/ngryman/jquery.finger',
81 silly cache add   null ]
82 verbose cache add spec jquery.finger@git+https://github.com/ngryman/jquery.finger
83 silly cache add args [ 'lodash@latest', null ]
84 verbose cache add spec lodash@latest
85 silly cache add args [ 'nodemon@latest', null ]
86 verbose cache add spec nodemon@latest
87 silly cache add args [ 'vinyl-source-stream@latest', null ]
88 verbose cache add spec vinyl-source-stream@latest
89 silly cache add args [ 'autoprefixer@latest', null ]
90 verbose cache add spec autoprefixer@latest
91 silly cache add args [ 'babel@latest', null ]
92 verbose cache add spec babel@latest
93 silly cache add parsed spec { raw: 'gulp-less@latest',
93 silly cache add   scope: null,
93 silly cache add   name: 'gulp-less',
93 silly cache add   rawSpec: 'latest',
93 silly cache add   spec: 'latest',
93 silly cache add   type: 'tag' }
94 verbose addNamed gulp-less@latest
95 silly addNamed semver.valid null
96 silly addNamed semver.validRange null
97 info addNameTag [ 'gulp-less', 'latest' ]
98 silly mapToRegistry name gulp-less
99 silly mapToRegistry using default registry
100 silly mapToRegistry registry https://registry.npmjs.org/
101 silly mapToRegistry uri https://registry.npmjs.org/gulp-less
102 verbose addNameTag registry:https://registry.npmjs.org/gulp-less not in flight; fetching
103 silly cache add parsed spec { raw: 'gulp-postcss@latest',
103 silly cache add   scope: null,
103 silly cache add   name: 'gulp-postcss',
103 silly cache add   rawSpec: 'latest',
103 silly cache add   spec: 'latest',
103 silly cache add   type: 'tag' }
104 verbose addNamed gulp-postcss@latest
105 silly addNamed semver.valid null
106 silly addNamed semver.validRange null
107 info addNameTag [ 'gulp-postcss', 'latest' ]
108 silly mapToRegistry name gulp-postcss
109 silly mapToRegistry using default registry
110 silly mapToRegistry registry https://registry.npmjs.org/
111 silly mapToRegistry uri https://registry.npmjs.org/gulp-postcss
112 verbose addNameTag registry:https://registry.npmjs.org/gulp-postcss not in flight; fetching
113 silly cache add parsed spec { raw: 'gulp-replace@latest',
113 silly cache add   scope: null,
113 silly cache add   name: 'gulp-replace',
113 silly cache add   rawSpec: 'latest',
113 silly cache add   spec: 'latest',
113 silly cache add   type: 'tag' }
114 verbose addNamed gulp-replace@latest
115 silly addNamed semver.valid null
116 silly addNamed semver.validRange null
117 info addNameTag [ 'gulp-replace', 'latest' ]
118 silly mapToRegistry name gulp-replace
119 silly mapToRegistry using default registry
120 silly mapToRegistry registry https://registry.npmjs.org/
121 silly mapToRegistry uri https://registry.npmjs.org/gulp-replace
122 verbose addNameTag registry:https://registry.npmjs.org/gulp-replace not in flight; fetching
123 silly cache add parsed spec { raw: 'gulp-rev@latest',
123 silly cache add   scope: null,
123 silly cache add   name: 'gulp-rev',
123 silly cache add   rawSpec: 'latest',
123 silly cache add   spec: 'latest',
123 silly cache add   type: 'tag' }
124 verbose addNamed gulp-rev@latest
125 silly addNamed semver.valid null
126 silly addNamed semver.validRange null
127 info addNameTag [ 'gulp-rev', 'latest' ]
128 silly mapToRegistry name gulp-rev
129 silly mapToRegistry using default registry
130 silly mapToRegistry registry https://registry.npmjs.org/
131 silly mapToRegistry uri https://registry.npmjs.org/gulp-rev
132 verbose addNameTag registry:https://registry.npmjs.org/gulp-rev not in flight; fetching
133 silly cache add parsed spec { raw: 'gulp-uglify@latest',
133 silly cache add   scope: null,
133 silly cache add   name: 'gulp-uglify',
133 silly cache add   rawSpec: 'latest',
133 silly cache add   spec: 'latest',
133 silly cache add   type: 'tag' }
134 verbose addNamed gulp-uglify@latest
135 silly addNamed semver.valid null
136 silly addNamed semver.validRange null
137 info addNameTag [ 'gulp-uglify', 'latest' ]
138 silly mapToRegistry name gulp-uglify
139 silly mapToRegistry using default registry
140 silly mapToRegistry registry https://registry.npmjs.org/
141 silly mapToRegistry uri https://registry.npmjs.org/gulp-uglify
142 verbose addNameTag registry:https://registry.npmjs.org/gulp-uglify not in flight; fetching
143 silly cache add parsed spec { raw: 'lodash@latest',
143 silly cache add   scope: null,
143 silly cache add   name: 'lodash',
143 silly cache add   rawSpec: 'latest',
143 silly cache add   spec: 'latest',
143 silly cache add   type: 'tag' }
144 verbose addNamed lodash@latest
145 silly addNamed semver.valid null
146 silly addNamed semver.validRange null
147 info addNameTag [ 'lodash', 'latest' ]
148 silly mapToRegistry name lodash
149 silly mapToRegistry using default registry
150 silly mapToRegistry registry https://registry.npmjs.org/
151 silly mapToRegistry uri https://registry.npmjs.org/lodash
152 verbose addNameTag registry:https://registry.npmjs.org/lodash not in flight; fetching
153 silly cache add parsed spec { raw: 'nodemon@latest',
153 silly cache add   scope: null,
153 silly cache add   name: 'nodemon',
153 silly cache add   rawSpec: 'latest',
153 silly cache add   spec: 'latest',
153 silly cache add   type: 'tag' }
154 verbose addNamed nodemon@latest
155 silly addNamed semver.valid null
156 silly addNamed semver.validRange null
157 info addNameTag [ 'nodemon', 'latest' ]
158 silly mapToRegistry name nodemon
159 silly mapToRegistry using default registry
160 silly mapToRegistry registry https://registry.npmjs.org/
161 silly mapToRegistry uri https://registry.npmjs.org/nodemon
162 verbose addNameTag registry:https://registry.npmjs.org/nodemon not in flight; fetching
163 silly cache add parsed spec { raw: 'vinyl-source-stream@latest',
163 silly cache add   scope: null,
163 silly cache add   name: 'vinyl-source-stream',
163 silly cache add   rawSpec: 'latest',
163 silly cache add   spec: 'latest',
163 silly cache add   type: 'tag' }
164 verbose addNamed vinyl-source-stream@latest
165 silly addNamed semver.valid null
166 silly addNamed semver.validRange null
167 info addNameTag [ 'vinyl-source-stream', 'latest' ]
168 silly mapToRegistry name vinyl-source-stream
169 silly mapToRegistry using default registry
170 silly mapToRegistry registry https://registry.npmjs.org/
171 silly mapToRegistry uri https://registry.npmjs.org/vinyl-source-stream
172 verbose addNameTag registry:https://registry.npmjs.org/vinyl-source-stream not in flight; fetching
173 silly cache add parsed spec { raw: 'autoprefixer@latest',
173 silly cache add   scope: null,
173 silly cache add   name: 'autoprefixer',
173 silly cache add   rawSpec: 'latest',
173 silly cache add   spec: 'latest',
173 silly cache add   type: 'tag' }
174 verbose addNamed autoprefixer@latest
175 silly addNamed semver.valid null
176 silly addNamed semver.validRange null
177 info addNameTag [ 'autoprefixer', 'latest' ]
178 silly mapToRegistry name autoprefixer
179 silly mapToRegistry using default registry
180 silly mapToRegistry registry https://registry.npmjs.org/
181 silly mapToRegistry uri https://registry.npmjs.org/autoprefixer
182 verbose addNameTag registry:https://registry.npmjs.org/autoprefixer not in flight; fetching
183 silly cache add parsed spec { raw: 'babel@latest',
183 silly cache add   scope: null,
183 silly cache add   name: 'babel',
183 silly cache add   rawSpec: 'latest',
183 silly cache add   spec: 'latest',
183 silly cache add   type: 'tag' }
184 verbose addNamed babel@latest
185 silly addNamed semver.valid null
186 silly addNamed semver.validRange null
187 info addNameTag [ 'babel', 'latest' ]
188 silly mapToRegistry name babel
189 silly mapToRegistry using default registry
190 silly mapToRegistry registry https://registry.npmjs.org/
191 silly mapToRegistry uri https://registry.npmjs.org/babel
192 verbose addNameTag registry:https://registry.npmjs.org/babel not in flight; fetching
193 silly cache add parsed spec { raw: 'jquery.finger@git+https://github.com/ngryman/jquery.finger',
193 silly cache add   scope: null,
193 silly cache add   name: 'jquery.finger',
193 silly cache add   rawSpec: 'git+https://github.com/ngryman/jquery.finger',
193 silly cache add   spec: 'git+ssh://git@github.com/ngryman/jquery.finger.git',
193 silly cache add   type: 'hosted',
193 silly cache add   hosted:
193 silly cache add    { type: 'github',
193 silly cache add      ssh: 'git@github.com:ngryman/jquery.finger.git',
193 silly cache add      sshUrl: 'git+ssh://git@github.com/ngryman/jquery.finger.git',
193 silly cache add      httpsUrl: 'https://github.com/ngryman/jquery.finger.git',
193 silly cache add      directUrl: 'https://raw.githubusercontent.com/ngryman/jquery.finger/master/package.json' } }
194 info maybeGithub Attempting git+https://github.com/ngryman/jquery.finger from git://github.com/ngryman/jquery.finger.git
195 verbose addRemoteGit git-github-com-ngryman-jquery-finger-git-b0ebceb8 not in flight; caching
196 silly cache add args [ 'babelify@latest', null ]
197 verbose cache add spec babelify@latest
198 silly cache add args [ 'body-parser@latest', null ]
199 verbose cache add spec body-parser@latest
200 silly cache add args [ 'browserify@latest', null ]
201 verbose cache add spec browserify@latest
202 silly cache add args [ 'consolidate@latest', null ]
203 verbose cache add spec consolidate@latest
204 silly cache add args [ 'cookie-parser@latest', null ]
205 verbose cache add spec cookie-parser@latest
206 silly cache add args [ 'del@latest', null ]
207 verbose cache add spec del@latest
208 silly cache add args [ 'ejs@latest', null ]
209 verbose cache add spec ejs@latest
210 silly cache add args [ 'envify@latest', null ]
211 verbose cache add spec envify@latest
212 silly cache add args [ 'event-stream@latest', null ]
213 verbose cache add spec event-stream@latest
214 silly cache add parsed spec { raw: 'babelify@latest',
214 silly cache add   scope: null,
214 silly cache add   name: 'babelify',
214 silly cache add   rawSpec: 'latest',
214 silly cache add   spec: 'latest',
214 silly cache add   type: 'tag' }
215 verbose addNamed babelify@latest
216 silly addNamed semver.valid null
217 silly addNamed semver.validRange null
218 info addNameTag [ 'babelify', 'latest' ]
219 silly mapToRegistry name babelify
220 silly mapToRegistry using default registry
221 silly mapToRegistry registry https://registry.npmjs.org/
222 silly mapToRegistry uri https://registry.npmjs.org/babelify
223 verbose addNameTag registry:https://registry.npmjs.org/babelify not in flight; fetching
224 silly cache add parsed spec { raw: 'body-parser@latest',
224 silly cache add   scope: null,
224 silly cache add   name: 'body-parser',
224 silly cache add   rawSpec: 'latest',
224 silly cache add   spec: 'latest',
224 silly cache add   type: 'tag' }
225 verbose addNamed body-parser@latest
226 silly addNamed semver.valid null
227 silly addNamed semver.validRange null
228 info addNameTag [ 'body-parser', 'latest' ]
229 silly mapToRegistry name body-parser
230 silly mapToRegistry using default registry
231 silly mapToRegistry registry https://registry.npmjs.org/
232 silly mapToRegistry uri https://registry.npmjs.org/body-parser
233 verbose addNameTag registry:https://registry.npmjs.org/body-parser not in flight; fetching
234 silly cache add parsed spec { raw: 'browserify@latest',
234 silly cache add   scope: null,
234 silly cache add   name: 'browserify',
234 silly cache add   rawSpec: 'latest',
234 silly cache add   spec: 'latest',
234 silly cache add   type: 'tag' }
235 verbose addNamed browserify@latest
236 silly addNamed semver.valid null
237 silly addNamed semver.validRange null
238 info addNameTag [ 'browserify', 'latest' ]
239 silly mapToRegistry name browserify
240 silly mapToRegistry using default registry
241 silly mapToRegistry registry https://registry.npmjs.org/
242 silly mapToRegistry uri https://registry.npmjs.org/browserify
243 verbose addNameTag registry:https://registry.npmjs.org/browserify not in flight; fetching
244 silly cache add parsed spec { raw: 'consolidate@latest',
244 silly cache add   scope: null,
244 silly cache add   name: 'consolidate',
244 silly cache add   rawSpec: 'latest',
244 silly cache add   spec: 'latest',
244 silly cache add   type: 'tag' }
245 verbose addNamed consolidate@latest
246 silly addNamed semver.valid null
247 silly addNamed semver.validRange null
248 info addNameTag [ 'consolidate', 'latest' ]
249 silly mapToRegistry name consolidate
250 silly mapToRegistry using default registry
251 silly mapToRegistry registry https://registry.npmjs.org/
252 silly mapToRegistry uri https://registry.npmjs.org/consolidate
253 verbose addNameTag registry:https://registry.npmjs.org/consolidate not in flight; fetching
254 silly cache add parsed spec { raw: 'cookie-parser@latest',
254 silly cache add   scope: null,
254 silly cache add   name: 'cookie-parser',
254 silly cache add   rawSpec: 'latest',
254 silly cache add   spec: 'latest',
254 silly cache add   type: 'tag' }
255 verbose addNamed cookie-parser@latest
256 silly addNamed semver.valid null
257 silly addNamed semver.validRange null
258 info addNameTag [ 'cookie-parser', 'latest' ]
259 silly mapToRegistry name cookie-parser
260 silly mapToRegistry using default registry
261 silly mapToRegistry registry https://registry.npmjs.org/
262 silly mapToRegistry uri https://registry.npmjs.org/cookie-parser
263 verbose addNameTag registry:https://registry.npmjs.org/cookie-parser not in flight; fetching
264 silly cache add parsed spec { raw: 'del@latest',
264 silly cache add   scope: null,
264 silly cache add   name: 'del',
264 silly cache add   rawSpec: 'latest',
264 silly cache add   spec: 'latest',
264 silly cache add   type: 'tag' }
265 verbose addNamed del@latest
266 silly addNamed semver.valid null
267 silly addNamed semver.validRange null
268 info addNameTag [ 'del', 'latest' ]
269 silly mapToRegistry name del
270 silly mapToRegistry using default registry
271 silly mapToRegistry registry https://registry.npmjs.org/
272 silly mapToRegistry uri https://registry.npmjs.org/del
273 verbose addNameTag registry:https://registry.npmjs.org/del not in flight; fetching
274 silly cache add parsed spec { raw: 'ejs@latest',
274 silly cache add   scope: null,
274 silly cache add   name: 'ejs',
274 silly cache add   rawSpec: 'latest',
274 silly cache add   spec: 'latest',
274 silly cache add   type: 'tag' }
275 verbose addNamed ejs@latest
276 silly addNamed semver.valid null
277 silly addNamed semver.validRange null
278 info addNameTag [ 'ejs', 'latest' ]
279 silly mapToRegistry name ejs
280 silly mapToRegistry using default registry
281 silly mapToRegistry registry https://registry.npmjs.org/
282 silly mapToRegistry uri https://registry.npmjs.org/ejs
283 verbose addNameTag registry:https://registry.npmjs.org/ejs not in flight; fetching
284 silly cache add parsed spec { raw: 'envify@latest',
284 silly cache add   scope: null,
284 silly cache add   name: 'envify',
284 silly cache add   rawSpec: 'latest',
284 silly cache add   spec: 'latest',
284 silly cache add   type: 'tag' }
285 verbose addNamed envify@latest
286 silly addNamed semver.valid null
287 silly addNamed semver.validRange null
288 info addNameTag [ 'envify', 'latest' ]
289 silly mapToRegistry name envify
290 silly mapToRegistry using default registry
291 silly mapToRegistry registry https://registry.npmjs.org/
292 silly mapToRegistry uri https://registry.npmjs.org/envify
293 verbose addNameTag registry:https://registry.npmjs.org/envify not in flight; fetching
294 silly cache add parsed spec { raw: 'event-stream@latest',
294 silly cache add   scope: null,
294 silly cache add   name: 'event-stream',
294 silly cache add   rawSpec: 'latest',
294 silly cache add   spec: 'latest',
294 silly cache add   type: 'tag' }
295 verbose addNamed event-stream@latest
296 silly addNamed semver.valid null
297 silly addNamed semver.validRange null
298 info addNameTag [ 'event-stream', 'latest' ]
299 silly mapToRegistry name event-stream
300 silly mapToRegistry using default registry
301 silly mapToRegistry registry https://registry.npmjs.org/
302 silly mapToRegistry uri https://registry.npmjs.org/event-stream
303 verbose addNameTag registry:https://registry.npmjs.org/event-stream not in flight; fetching
304 verbose request uri https://registry.npmjs.org/gulp-csso
305 verbose request no auth needed
306 info attempt registry request try #1 at 21:46:59
307 verbose request id 03e3709f02401ad6
308 verbose etag "84MPEH2AHDNC8DK87LE681AH7"
309 http request GET https://registry.npmjs.org/gulp-csso
310 verbose request uri https://registry.npmjs.org/gulp
311 verbose request no auth needed
312 info attempt registry request try #1 at 21:46:59
313 verbose etag "8YAGF9M1NAEGWYYU1GVCK5645"
314 http request GET https://registry.npmjs.org/gulp
315 verbose request uri https://registry.npmjs.org/glob
316 verbose request no auth needed
317 info attempt registry request try #1 at 21:46:59
318 verbose etag "AL7XAAAL6AMABM85HYTC4ZPG3"
319 http request GET https://registry.npmjs.org/glob
320 verbose request uri https://registry.npmjs.org/gulp-postcss
321 verbose request no auth needed
322 info attempt registry request try #1 at 21:46:59
323 verbose etag "3KMQT3JA5H50TWNA88NZTEYYP"
324 http request GET https://registry.npmjs.org/gulp-postcss
325 verbose request uri https://registry.npmjs.org/gulp-rev
326 verbose request no auth needed
327 info attempt registry request try #1 at 21:46:59
328 verbose etag "1B4MJFTZNUQ4PSW9F4E5CAL4W"
329 http request GET https://registry.npmjs.org/gulp-rev
330 verbose request uri https://registry.npmjs.org/gulp-base64
331 verbose request no auth needed
332 info attempt registry request try #1 at 21:46:59
333 verbose etag "5X6GDH8X4Y24T5UQIGVTGLKE0"
334 http request GET https://registry.npmjs.org/gulp-base64
335 verbose request uri https://registry.npmjs.org/gulp-less
336 verbose request no auth needed
337 info attempt registry request try #1 at 21:46:59
338 verbose etag "2DDZX5E1UOO93UCQEPQPLPI66"
339 http request GET https://registry.npmjs.org/gulp-less
340 verbose request uri https://registry.npmjs.org/gulp-replace
341 verbose request no auth needed
342 info attempt registry request try #1 at 21:46:59
343 verbose etag "9ZPZ2LGU9ZT4CVV5F8D1E8FYR"
344 http request GET https://registry.npmjs.org/gulp-replace
345 verbose request uri https://registry.npmjs.org/gulp-uglify
346 verbose request no auth needed
347 info attempt registry request try #1 at 21:46:59
348 verbose etag "9NGQGMBM5TXULGJDM9QOTIS6Z"
349 http request GET https://registry.npmjs.org/gulp-uglify
350 verbose request uri https://registry.npmjs.org/nodemon
351 verbose request no auth needed
352 info attempt registry request try #1 at 21:46:59
353 verbose etag "D2IB5F6Y74X8H7W24V1SPTASX"
354 http request GET https://registry.npmjs.org/nodemon
355 verbose request uri https://registry.npmjs.org/lodash
356 verbose request no auth needed
357 info attempt registry request try #1 at 21:46:59
358 verbose etag "6V3A826D01RUAALR8615SOR8U"
359 http request GET https://registry.npmjs.org/lodash
360 verbose request uri https://registry.npmjs.org/vinyl-source-stream
361 verbose request no auth needed
362 info attempt registry request try #1 at 21:46:59
363 verbose etag "5EAEVQNGVF0TZEZVVEC00T256"
364 http request GET https://registry.npmjs.org/vinyl-source-stream
365 verbose request uri https://registry.npmjs.org/babelify
366 verbose request no auth needed
367 info attempt registry request try #1 at 21:46:59
368 verbose etag "7J79K5FV6OKKEV9D2IJ9W178B"
369 http request GET https://registry.npmjs.org/babelify
370 verbose request uri https://registry.npmjs.org/autoprefixer
371 verbose request no auth needed
372 info attempt registry request try #1 at 21:46:59
373 verbose etag "525JUB52B6UETD048XOUVJCRR"
374 http request GET https://registry.npmjs.org/autoprefixer
375 verbose request uri https://registry.npmjs.org/express
376 verbose request no auth needed
377 info attempt registry request try #1 at 21:46:59
378 verbose etag "DG4GOUXYEHJ453J6MCFCFWMPO"
379 http request GET https://registry.npmjs.org/express
380 verbose request uri https://registry.npmjs.org/consolidate
381 verbose request no auth needed
382 info attempt registry request try #1 at 21:46:59
383 verbose etag "4D885XPLFT6EUXD95AH8ODD7K"
384 http request GET https://registry.npmjs.org/consolidate
385 verbose request uri https://registry.npmjs.org/babel
386 verbose request no auth needed
387 info attempt registry request try #1 at 21:46:59
388 verbose etag "4CZXB9WUGVPKZNM4BPESV6W61"
389 http request GET https://registry.npmjs.org/babel
390 verbose request uri https://registry.npmjs.org/del
391 verbose request no auth needed
392 info attempt registry request try #1 at 21:46:59
393 verbose etag "6T0WVLMPN8VSYH181DF4D8YZG"
394 http request GET https://registry.npmjs.org/del
395 verbose request uri https://registry.npmjs.org/body-parser
396 verbose request no auth needed
397 info attempt registry request try #1 at 21:46:59
398 verbose etag "YNYZTVPT7E5MP540Y1N1DA09"
399 http request GET https://registry.npmjs.org/body-parser
400 verbose request uri https://registry.npmjs.org/cookie-parser
401 verbose request no auth needed
402 info attempt registry request try #1 at 21:46:59
403 verbose etag "ATOU130F5J4CW554NZMOJYLMR"
404 http request GET https://registry.npmjs.org/cookie-parser
405 verbose request uri https://registry.npmjs.org/envify
406 verbose request no auth needed
407 info attempt registry request try #1 at 21:46:59
408 verbose etag "80QQP63W56516OWC1MV4AFEGD"
409 http request GET https://registry.npmjs.org/envify
410 verbose request uri https://registry.npmjs.org/ejs
411 verbose request no auth needed
412 info attempt registry request try #1 at 21:46:59
413 verbose etag "DTDH5CLNY0NPHXDZ72601SXBI"
414 http request GET https://registry.npmjs.org/ejs
415 verbose request uri https://registry.npmjs.org/browserify
416 verbose request no auth needed
417 info attempt registry request try #1 at 21:46:59
418 verbose etag "3UFIGQC96LE3FZVX43TUESS56"
419 http request GET https://registry.npmjs.org/browserify
420 verbose request uri https://registry.npmjs.org/event-stream
421 verbose request no auth needed
422 info attempt registry request try #1 at 21:46:59
423 verbose etag "1JI9Y9SJGZN6PMWH61CY8D5HZ"
424 http request GET https://registry.npmjs.org/event-stream
425 info git [ 'clone',
425 info git   '--template=/Users/anna/.npm/_git-remotes/_templates',
425 info git   '--mirror',
425 info git   'git://github.com/ngryman/jquery.finger.git',
425 info git   '/Users/anna/.npm/_git-remotes/git-github-com-ngryman-jquery-finger-git-b0ebceb8' ]
426 http 304 https://registry.npmjs.org/gulp-csso
427 silly get cb [ 304,
427 silly get   { date: 'Thu, 15 Oct 2015 18:46:59 GMT',
427 silly get     via: '1.1 varnish',
427 silly get     'cache-control': 'max-age=60',
427 silly get     etag: '"84MPEH2AHDNC8DK87LE681AH7"',
427 silly get     age: '42',
427 silly get     connection: 'keep-alive',
427 silly get     'x-served-by': 'cache-fra1229-FRA',
427 silly get     'x-cache': 'HIT',
427 silly get     'x-cache-hits': '1',
427 silly get     'x-timer': 'S1444934819.570309,VS0,VE0',
427 silly get     vary: 'Accept' } ]
428 verbose etag https://registry.npmjs.org/gulp-csso from cache
429 verbose get saving gulp-csso to /Users/anna/.npm/registry.npmjs.org/gulp-csso/.cache.json
430 silly addNameTag next cb for gulp-csso with tag latest
431 verbose addNamed gulp-csso@1.0.0
432 silly addNamed semver.valid 1.0.0
433 silly addNamed semver.validRange 1.0.0
434 http 304 https://registry.npmjs.org/gulp-base64
435 silly get cb [ 304,
435 silly get   { date: 'Thu, 15 Oct 2015 18:46:59 GMT',
435 silly get     via: '1.1 varnish',
435 silly get     'cache-control': 'max-age=60',
435 silly get     etag: '"5X6GDH8X4Y24T5UQIGVTGLKE0"',
435 silly get     age: '39',
435 silly get     connection: 'keep-alive',
435 silly get     'x-served-by': 'cache-fra1234-FRA',
435 silly get     'x-cache': 'HIT',
435 silly get     'x-cache-hits': '1',
435 silly get     'x-timer': 'S1444934819.636350,VS0,VE0',
435 silly get     vary: 'Accept' } ]
436 verbose etag https://registry.npmjs.org/gulp-base64 from cache
437 verbose get saving gulp-base64 to /Users/anna/.npm/registry.npmjs.org/gulp-base64/.cache.json
438 http 304 https://registry.npmjs.org/gulp-less
439 silly get cb [ 304,
439 silly get   { date: 'Thu, 15 Oct 2015 18:46:59 GMT',
439 silly get     via: '1.1 varnish',
439 silly get     'cache-control': 'max-age=60',
439 silly get     etag: '"2DDZX5E1UOO93UCQEPQPLPI66"',
439 silly get     age: '58',
439 silly get     connection: 'keep-alive',
439 silly get     'x-served-by': 'cache-fra1249-FRA',
439 silly get     'x-cache': 'HIT',
439 silly get     'x-cache-hits': '2',
439 silly get     'x-timer': 'S1444934819.641747,VS0,VE0',
439 silly get     vary: 'Accept' } ]
440 verbose etag https://registry.npmjs.org/gulp-less from cache
441 verbose get saving gulp-less to /Users/anna/.npm/registry.npmjs.org/gulp-less/.cache.json
442 silly addNameTag next cb for gulp-less with tag latest
443 verbose addNamed gulp-less@3.0.3
444 silly addNamed semver.valid 3.0.3
445 silly addNamed semver.validRange 3.0.3
446 silly addNameTag next cb for gulp-base64 with tag latest
447 verbose addNamed gulp-base64@0.1.3
448 silly addNamed semver.valid 0.1.3
449 silly addNamed semver.validRange 0.1.3
450 http 200 https://registry.npmjs.org/vinyl-source-stream
451 silly get cb [ 200,
451 silly get   { server: 'CouchDB/1.5.0 (Erlang OTP/R16B03)',
451 silly get     etag: '"JL2BBXZ9TGIT0ULNL2XSY5VI"',
451 silly get     'content-type': 'application/json',
451 silly get     'cache-control': 'max-age=60',
451 silly get     'content-length': '10868',
451 silly get     'accept-ranges': 'bytes',
451 silly get     date: 'Thu, 15 Oct 2015 18:46:59 GMT',
451 silly get     via: '1.1 varnish',
451 silly get     age: '55',
451 silly get     connection: 'keep-alive',
451 silly get     'x-served-by': 'cache-fra1228-FRA',
451 silly get     'x-cache': 'HIT',
451 silly get     'x-cache-hits': '24',
451 silly get     'x-timer': 'S1444934819.656725,VS0,VE0',
451 silly get     vary: 'Accept' } ]
452 verbose get saving vinyl-source-stream to /Users/anna/.npm/registry.npmjs.org/vinyl-source-stream/.cache.json
453 http 304 https://registry.npmjs.org/consolidate
454 silly get cb [ 304,
454 silly get   { date: 'Thu, 15 Oct 2015 18:46:59 GMT',
454 silly get     via: '1.1 varnish',
454 silly get     'cache-control': 'max-age=60',
454 silly get     etag: '"4D885XPLFT6EUXD95AH8ODD7K"',
454 silly get     age: '19',
454 silly get     connection: 'keep-alive',
454 silly get     'x-served-by': 'cache-fra1240-FRA',
454 silly get     'x-cache': 'HIT',
454 silly get     'x-cache-hits': '1',
454 silly get     'x-timer': 'S1444934819.656522,VS0,VE0',
454 silly get     vary: 'Accept' } ]
455 verbose etag https://registry.npmjs.org/consolidate from cache
456 verbose get saving consolidate to /Users/anna/.npm/registry.npmjs.org/consolidate/.cache.json
457 silly cache afterAdd gulp-csso@1.0.0
458 verbose afterAdd /Users/anna/.npm/gulp-csso/1.0.0/package/package.json not in flight; writing
459 silly cache afterAdd gulp-less@3.0.3
460 verbose afterAdd /Users/anna/.npm/gulp-less/3.0.3/package/package.json not in flight; writing
461 http 304 https://registry.npmjs.org/cookie-parser
462 silly get cb [ 304,
462 silly get   { date: 'Thu, 15 Oct 2015 18:46:59 GMT',
462 silly get     via: '1.1 varnish',
462 silly get     'cache-control': 'max-age=60',
462 silly get     etag: '"ATOU130F5J4CW554NZMOJYLMR"',
462 silly get     age: '5',
462 silly get     connection: 'keep-alive',
462 silly get     'x-served-by': 'cache-fra1222-FRA',
462 silly get     'x-cache': 'HIT',
462 silly get     'x-cache-hits': '1',
462 silly get     'x-timer': 'S1444934819.681046,VS0,VE0',
462 silly get     vary: 'Accept' } ]
463 verbose etag https://registry.npmjs.org/cookie-parser from cache
464 verbose get saving cookie-parser to /Users/anna/.npm/registry.npmjs.org/cookie-parser/.cache.json
465 http 200 https://registry.npmjs.org/gulp-uglify
466 silly get cb [ 200,
466 silly get   { server: 'CouchDB/1.5.0 (Erlang OTP/R16B03)',
466 silly get     etag: '"6R18VJZEW27O0WE1Y2X16O7XR"',
466 silly get     'content-type': 'application/json',
466 silly get     'cache-control': 'max-age=60',
466 silly get     'content-length': '34419',
466 silly get     'accept-ranges': 'bytes',
466 silly get     date: 'Thu, 15 Oct 2015 18:46:59 GMT',
466 silly get     via: '1.1 varnish',
466 silly get     age: '43',
466 silly get     connection: 'keep-alive',
466 silly get     'x-served-by': 'cache-fra1241-FRA',
466 silly get     'x-cache': 'HIT',
466 silly get     'x-cache-hits': '2',
466 silly get     'x-timer': 'S1444934819.638068,VS0,VE0',
466 silly get     vary: 'Accept' } ]
467 verbose get saving gulp-uglify to /Users/anna/.npm/registry.npmjs.org/gulp-uglify/.cache.json
468 silly addNameTag next cb for vinyl-source-stream with tag latest
469 verbose addNamed vinyl-source-stream@1.1.0
470 silly addNamed semver.valid 1.1.0
471 silly addNamed semver.validRange 1.1.0
472 silly addNameTag next cb for consolidate with tag latest
473 verbose addNamed consolidate@0.13.1
474 silly addNamed semver.valid 0.13.1
475 silly addNamed semver.validRange 0.13.1
476 http 304 https://registry.npmjs.org/envify
477 silly get cb [ 304,
477 silly get   { date: 'Thu, 15 Oct 2015 18:46:59 GMT',
477 silly get     via: '1.1 varnish',
477 silly get     'cache-control': 'max-age=60',
477 silly get     etag: '"80QQP63W56516OWC1MV4AFEGD"',
477 silly get     age: '58',
477 silly get     connection: 'keep-alive',
477 silly get     'x-served-by': 'cache-fra1235-FRA',
477 silly get     'x-cache': 'HIT',
477 silly get     'x-cache-hits': '1',
477 silly get     'x-timer': 'S1444934819.685481,VS0,VE0',
477 silly get     vary: 'Accept' } ]
478 verbose etag https://registry.npmjs.org/envify from cache
479 verbose get saving envify to /Users/anna/.npm/registry.npmjs.org/envify/.cache.json
480 http 200 https://registry.npmjs.org/del
481 silly get cb [ 200,
481 silly get   { server: 'CouchDB/1.5.0 (Erlang OTP/R16B03)',
481 silly get     etag: '"8OKYB6YEKV467URHYW2CXUD5X"',
481 silly get     'content-type': 'application/json',
481 silly get     'cache-control': 'max-age=60',
481 silly get     'content-length': '20552',
481 silly get     'accept-ranges': 'bytes',
481 silly get     date: 'Thu, 15 Oct 2015 18:46:59 GMT',
481 silly get     via: '1.1 varnish',
481 silly get     age: '32',
481 silly get     connection: 'keep-alive',
481 silly get     'x-served-by': 'cache-fra1220-FRA',
481 silly get     'x-cache': 'HIT',
481 silly get     'x-cache-hits': '1',
481 silly get     'x-timer': 'S1444934819.655253,VS0,VE0',
481 silly get     vary: 'Accept' } ]
482 verbose get saving del to /Users/anna/.npm/registry.npmjs.org/del/.cache.json
483 http 304 https://registry.npmjs.org/event-stream
484 silly get cb [ 304,
484 silly get   { date: 'Thu, 15 Oct 2015 18:46:59 GMT',
484 silly get     via: '1.1 varnish',
484 silly get     'cache-control': 'max-age=60',
484 silly get     etag: '"1JI9Y9SJGZN6PMWH61CY8D5HZ"',
484 silly get     age: '42',
484 silly get     connection: 'keep-alive',
484 silly get     'x-served-by': 'cache-fra1242-FRA',
484 silly get     'x-cache': 'HIT',
484 silly get     'x-cache-hits': '1',
484 silly get     'x-timer': 'S1444934819.697040,VS0,VE0',
484 silly get     vary: 'Accept' } ]
485 verbose etag https://registry.npmjs.org/event-stream from cache
486 verbose get saving event-stream to /Users/anna/.npm/registry.npmjs.org/event-stream/.cache.json
487 http 200 https://registry.npmjs.org/glob
488 silly get cb [ 200,
488 silly get   { server: 'CouchDB/1.5.0 (Erlang OTP/R16B03)',
488 silly get     etag: '"4KFCJ09X13AMDTU3OJEFGOJFV"',
488 silly get     'content-type': 'application/json',
488 silly get     'cache-control': 'max-age=60',
488 silly get     'content-length': '109091',
488 silly get     'accept-ranges': 'bytes',
488 silly get     date: 'Thu, 15 Oct 2015 18:46:59 GMT',
488 silly get     via: '1.1 varnish',
488 silly get     age: '58',
488 silly get     connection: 'keep-alive',
488 silly get     'x-served-by': 'cache-fra1246-FRA',
488 silly get     'x-cache': 'HIT',
488 silly get     'x-cache-hits': '6',
488 silly get     'x-timer': 'S1444934819.572450,VS0,VE0',
488 silly get     vary: 'Accept' } ]
489 verbose get saving glob to /Users/anna/.npm/registry.npmjs.org/glob/.cache.json
490 verbose afterAdd /Users/anna/.npm/gulp-csso/1.0.0/package/package.json written
491 info already installed gulp-csso@1.0.0
492 verbose afterAdd /Users/anna/.npm/gulp-less/3.0.3/package/package.json written
493 info already installed gulp-less@3.0.3
494 silly cache afterAdd gulp-base64@0.1.3
495 verbose afterAdd /Users/anna/.npm/gulp-base64/0.1.3/package/package.json not in flight; writing
496 http 304 https://registry.npmjs.org/gulp-replace
497 silly get cb [ 304,
497 silly get   { date: 'Thu, 15 Oct 2015 18:46:59 GMT',
497 silly get     via: '1.1 varnish',
497 silly get     'cache-control': 'max-age=60',
497 silly get     etag: '"9ZPZ2LGU9ZT4CVV5F8D1E8FYR"',
497 silly get     age: '0',
497 silly get     connection: 'keep-alive',
497 silly get     'x-served-by': 'cache-fra1232-FRA',
497 silly get     'x-cache': 'HIT',
497 silly get     'x-cache-hits': '1',
497 silly get     'x-timer': 'S1444934819.642015,VS0,VE110',
497 silly get     vary: 'Accept' } ]
498 verbose etag https://registry.npmjs.org/gulp-replace from cache
499 verbose get saving gulp-replace to /Users/anna/.npm/registry.npmjs.org/gulp-replace/.cache.json
500 silly addNameTag next cb for cookie-parser with tag latest
501 verbose addNamed cookie-parser@1.4.0
502 silly addNamed semver.valid 1.4.0
503 silly addNamed semver.validRange 1.4.0
504 http 304 https://registry.npmjs.org/autoprefixer
505 silly get cb [ 304,
505 silly get   { date: 'Thu, 15 Oct 2015 18:46:59 GMT',
505 silly get     via: '1.1 varnish',
505 silly get     'cache-control': 'max-age=60',
505 silly get     etag: '"525JUB52B6UETD048XOUVJCRR"',
505 silly get     age: '0',
505 silly get     connection: 'keep-alive',
505 silly get     'x-served-by': 'cache-fra1228-FRA',
505 silly get     'x-cache': 'HIT',
505 silly get     'x-cache-hits': '1',
505 silly get     'x-timer': 'S1444934819.652988,VS0,VE110',
505 silly get     vary: 'Accept' } ]
506 verbose etag https://registry.npmjs.org/autoprefixer from cache
507 verbose get saving autoprefixer to /Users/anna/.npm/registry.npmjs.org/autoprefixer/.cache.json
508 silly addNameTag next cb for gulp-uglify with tag latest
509 verbose addNamed gulp-uglify@1.4.2
510 silly addNamed semver.valid 1.4.2
511 silly addNamed semver.validRange 1.4.2
512 silly addNameTag next cb for envify with tag latest
513 verbose addNamed envify@3.4.0
514 silly addNamed semver.valid 3.4.0
515 silly addNamed semver.validRange 3.4.0
516 verbose afterAdd /Users/anna/.npm/gulp-base64/0.1.3/package/package.json written
517 info already installed gulp-base64@0.1.3
518 silly addNameTag next cb for del with tag latest
519 verbose addNamed del@2.0.2
520 silly addNamed semver.valid 2.0.2
521 silly addNamed semver.validRange 2.0.2
522 silly addNameTag next cb for event-stream with tag latest
523 verbose addNamed event-stream@3.3.1
524 silly addNamed semver.valid 3.3.1
525 silly addNamed semver.validRange 3.3.1
526 silly cache afterAdd vinyl-source-stream@1.1.0
527 verbose afterAdd /Users/anna/.npm/vinyl-source-stream/1.1.0/package/package.json not in flight; writing
528 http 304 https://registry.npmjs.org/ejs
529 silly get cb [ 304,
529 silly get   { date: 'Thu, 15 Oct 2015 18:46:59 GMT',
529 silly get     via: '1.1 varnish',
529 silly get     'cache-control': 'max-age=60',
529 silly get     etag: '"DTDH5CLNY0NPHXDZ72601SXBI"',
529 silly get     age: '0',
529 silly get     connection: 'keep-alive',
529 silly get     'x-served-by': 'cache-fra1232-FRA',
529 silly get     'x-cache': 'HIT',
529 silly get     'x-cache-hits': '1',
529 silly get     'x-timer': 'S1444934819.687286,VS0,VE106',
529 silly get     vary: 'Accept' } ]
530 verbose etag https://registry.npmjs.org/ejs from cache
531 verbose get saving ejs to /Users/anna/.npm/registry.npmjs.org/ejs/.cache.json
532 silly addNameTag next cb for glob with tag latest
533 verbose addNamed glob@5.0.15
534 silly addNamed semver.valid 5.0.15
535 silly addNamed semver.validRange 5.0.15
536 http 200 https://registry.npmjs.org/body-parser
537 silly get cb [ 200,
537 silly get   { server: 'CouchDB/1.5.0 (Erlang OTP/R16B03)',
537 silly get     etag: '"4GJTSRSAOEE3Z978OO93NY5HG"',
537 silly get     'content-type': 'application/json',
537 silly get     'cache-control': 'max-age=60',
537 silly get     'content-length': '110565',
537 silly get     'accept-ranges': 'bytes',
537 silly get     date: 'Thu, 15 Oct 2015 18:46:59 GMT',
537 silly get     via: '1.1 varnish',
537 silly get     age: '35',
537 silly get     connection: 'keep-alive',
537 silly get     'x-served-by': 'cache-fra1249-FRA',
537 silly get     'x-cache': 'HIT',
537 silly get     'x-cache-hits': '1',
537 silly get     'x-timer': 'S1444934819.674128,VS0,VE0',
537 silly get     vary: 'Accept' } ]
538 verbose get saving body-parser to /Users/anna/.npm/registry.npmjs.org/body-parser/.cache.json
539 silly cache afterAdd consolidate@0.13.1
540 verbose afterAdd /Users/anna/.npm/consolidate/0.13.1/package/package.json not in flight; writing
541 silly addNameTag next cb for gulp-replace with tag latest
542 verbose addNamed gulp-replace@0.5.4
543 silly addNamed semver.valid 0.5.4
544 silly addNamed semver.validRange 0.5.4
545 verbose afterAdd /Users/anna/.npm/vinyl-source-stream/1.1.0/package/package.json written
546 info already installed vinyl-source-stream@1.1.0
547 silly cache afterAdd cookie-parser@1.4.0
548 verbose afterAdd /Users/anna/.npm/cookie-parser/1.4.0/package/package.json not in flight; writing
549 silly addNameTag next cb for autoprefixer with tag latest
550 verbose addNamed autoprefixer@6.0.3
551 silly addNamed semver.valid 6.0.3
552 silly addNamed semver.validRange 6.0.3
553 silly cache afterAdd del@2.0.2
554 verbose afterAdd /Users/anna/.npm/del/2.0.2/package/package.json not in flight; writing
555 silly cache afterAdd envify@3.4.0
556 verbose afterAdd /Users/anna/.npm/envify/3.4.0/package/package.json not in flight; writing
557 silly cache afterAdd gulp-uglify@1.4.2
558 verbose afterAdd /Users/anna/.npm/gulp-uglify/1.4.2/package/package.json not in flight; writing
559 verbose afterAdd /Users/anna/.npm/consolidate/0.13.1/package/package.json written
560 info already installed consolidate@0.13.1
561 silly addNameTag next cb for ejs with tag latest
562 verbose addNamed ejs@2.3.4
563 silly addNamed semver.valid 2.3.4
564 silly addNamed semver.validRange 2.3.4
565 http 200 https://registry.npmjs.org/lodash
566 silly get cb [ 200,
566 silly get   { server: 'CouchDB/1.5.0 (Erlang OTP/R16B03)',
566 silly get     etag: '"54CNOHGNCTDICSQP2DU3L7CWE"',
566 silly get     'content-type': 'application/json',
566 silly get     'cache-control': 'max-age=60',
566 silly get     'content-length': '109732',
566 silly get     'accept-ranges': 'bytes',
566 silly get     date: 'Thu, 15 Oct 2015 18:46:59 GMT',
566 silly get     via: '1.1 varnish',
566 silly get     age: '17',
566 silly get     connection: 'keep-alive',
566 silly get     'x-served-by': 'cache-fra1224-FRA',
566 silly get     'x-cache': 'HIT',
566 silly get     'x-cache-hits': '1',
566 silly get     'x-timer': 'S1444934819.673738,VS0,VE0',
566 silly get     vary: 'Accept' } ]
567 verbose get saving lodash to /Users/anna/.npm/registry.npmjs.org/lodash/.cache.json
568 silly addNameTag next cb for body-parser with tag latest
569 verbose addNamed body-parser@1.14.1
570 silly addNamed semver.valid 1.14.1
571 silly addNamed semver.validRange 1.14.1
572 verbose afterAdd /Users/anna/.npm/cookie-parser/1.4.0/package/package.json written
573 info already installed cookie-parser@1.4.0
574 silly cache afterAdd gulp-replace@0.5.4
575 verbose afterAdd /Users/anna/.npm/gulp-replace/0.5.4/package/package.json not in flight; writing
576 silly cache afterAdd event-stream@3.3.1
577 verbose afterAdd /Users/anna/.npm/event-stream/3.3.1/package/package.json not in flight; writing
578 verbose afterAdd /Users/anna/.npm/del/2.0.2/package/package.json written
579 info already installed del@2.0.2
580 verbose afterAdd /Users/anna/.npm/envify/3.4.0/package/package.json written
581 info already installed envify@3.4.0
582 verbose afterAdd /Users/anna/.npm/gulp-uglify/1.4.2/package/package.json written
583 info already installed gulp-uglify@1.4.2
584 http 200 https://registry.npmjs.org/nodemon
585 silly get cb [ 200,
585 silly get   { server: 'CouchDB/1.5.0 (Erlang OTP/R16B03)',
585 silly get     etag: '"BQOK5XKL2XVJ1G33CPOUEQR2U"',
585 silly get     'content-type': 'application/json',
585 silly get     'cache-control': 'max-age=60',
585 silly get     'content-length': '173452',
585 silly get     'accept-ranges': 'bytes',
585 silly get     date: 'Thu, 15 Oct 2015 18:46:59 GMT',
585 silly get     via: '1.1 varnish',
585 silly get     age: '51',
585 silly get     connection: 'keep-alive',
585 silly get     'x-served-by': 'cache-fra1228-FRA',
585 silly get     'x-cache': 'HIT',
585 silly get     'x-cache-hits': '1',
585 silly get     'x-timer': 'S1444934819.652358,VS0,VE1',
585 silly get     vary: 'Accept' } ]
586 verbose get saving nodemon to /Users/anna/.npm/registry.npmjs.org/nodemon/.cache.json
587 verbose afterAdd /Users/anna/.npm/gulp-replace/0.5.4/package/package.json written
588 info already installed gulp-replace@0.5.4
589 verbose afterAdd /Users/anna/.npm/event-stream/3.3.1/package/package.json written
590 info already installed event-stream@3.3.1
591 http 304 https://registry.npmjs.org/babelify
592 silly get cb [ 304,
592 silly get   { date: 'Thu, 15 Oct 2015 18:46:59 GMT',
592 silly get     via: '1.1 varnish',
592 silly get     'cache-control': 'max-age=60',
592 silly get     etag: '"7J79K5FV6OKKEV9D2IJ9W178B"',
592 silly get     age: '0',
592 silly get     connection: 'keep-alive',
592 silly get     'x-served-by': 'cache-fra1228-FRA',
592 silly get     'x-cache': 'HIT',
592 silly get     'x-cache-hits': '1',
592 silly get     'x-timer': 'S1444934819.673539,VS0,VE187',
592 silly get     vary: 'Accept' } ]
593 verbose etag https://registry.npmjs.org/babelify from cache
594 verbose get saving babelify to /Users/anna/.npm/registry.npmjs.org/babelify/.cache.json
595 silly cache afterAdd autoprefixer@6.0.3
596 verbose afterAdd /Users/anna/.npm/autoprefixer/6.0.3/package/package.json not in flight; writing
597 silly cache afterAdd glob@5.0.15
598 verbose afterAdd /Users/anna/.npm/glob/5.0.15/package/package.json not in flight; writing
599 silly cache afterAdd ejs@2.3.4
600 verbose afterAdd /Users/anna/.npm/ejs/2.3.4/package/package.json not in flight; writing
601 silly cache afterAdd body-parser@1.14.1
602 verbose afterAdd /Users/anna/.npm/body-parser/1.14.1/package/package.json not in flight; writing
603 silly addNameTag next cb for lodash with tag latest
604 verbose addNamed lodash@3.10.1
605 silly addNamed semver.valid 3.10.1
606 silly addNamed semver.validRange 3.10.1
607 verbose afterAdd /Users/anna/.npm/autoprefixer/6.0.3/package/package.json written
608 info already installed autoprefixer@6.0.3
609 verbose afterAdd /Users/anna/.npm/ejs/2.3.4/package/package.json written
610 info already installed ejs@2.3.4
611 verbose afterAdd /Users/anna/.npm/glob/5.0.15/package/package.json written
612 info already installed glob@5.0.15
613 verbose afterAdd /Users/anna/.npm/body-parser/1.14.1/package/package.json written
614 info already installed body-parser@1.14.1
615 silly addNameTag next cb for nodemon with tag latest
616 verbose addNamed nodemon@1.7.1
617 silly addNamed semver.valid 1.7.1
618 silly addNamed semver.validRange 1.7.1
619 silly addNameTag next cb for babelify with tag latest
620 verbose addNamed babelify@6.3.0
621 silly addNamed semver.valid 6.3.0
622 silly addNamed semver.validRange 6.3.0
623 silly cache afterAdd lodash@3.10.1
624 verbose afterAdd /Users/anna/.npm/lodash/3.10.1/package/package.json not in flight; writing
625 verbose afterAdd /Users/anna/.npm/lodash/3.10.1/package/package.json written
626 info already installed lodash@3.10.1
627 silly cache afterAdd babelify@6.3.0
628 verbose afterAdd /Users/anna/.npm/babelify/6.3.0/package/package.json not in flight; writing
629 verbose afterAdd /Users/anna/.npm/babelify/6.3.0/package/package.json written
630 info already installed babelify@6.3.0
631 silly cache afterAdd nodemon@1.7.1
632 verbose afterAdd /Users/anna/.npm/nodemon/1.7.1/package/package.json not in flight; writing
633 verbose afterAdd /Users/anna/.npm/nodemon/1.7.1/package/package.json written
634 info already installed nodemon@1.7.1
635 http 304 https://registry.npmjs.org/gulp-rev
636 silly get cb [ 304,
636 silly get   { date: 'Thu, 15 Oct 2015 18:46:59 GMT',
636 silly get     via: '1.1 varnish',
636 silly get     'cache-control': 'max-age=60',
636 silly get     etag: '"1B4MJFTZNUQ4PSW9F4E5CAL4W"',
636 silly get     age: '0',
636 silly get     connection: 'keep-alive',
636 silly get     'x-served-by': 'cache-fra1236-FRA',
636 silly get     'x-cache': 'HIT',
636 silly get     'x-cache-hits': '1',
636 silly get     'x-timer': 'S1444934819.641008,VS0,VE449',
636 silly get     vary: 'Accept' } ]
637 verbose etag https://registry.npmjs.org/gulp-rev from cache
638 verbose get saving gulp-rev to /Users/anna/.npm/registry.npmjs.org/gulp-rev/.cache.json
639 silly addNameTag next cb for gulp-rev with tag latest
640 verbose addNamed gulp-rev@6.0.1
641 silly addNamed semver.valid 6.0.1
642 silly addNamed semver.validRange 6.0.1
643 silly cache afterAdd gulp-rev@6.0.1
644 verbose afterAdd /Users/anna/.npm/gulp-rev/6.0.1/package/package.json not in flight; writing
645 verbose afterAdd /Users/anna/.npm/gulp-rev/6.0.1/package/package.json written
646 info already installed gulp-rev@6.0.1
647 http 200 https://registry.npmjs.org/express
648 silly get cb [ 200,
648 silly get   { server: 'CouchDB/1.5.0 (Erlang OTP/R16B03)',
648 silly get     etag: '"9XXM5271XUV9QWB4S0JHGEWIU"',
648 silly get     'content-type': 'application/json',
648 silly get     'cache-control': 'max-age=60',
648 silly get     'content-length': '527566',
648 silly get     'accept-ranges': 'bytes',
648 silly get     date: 'Thu, 15 Oct 2015 18:46:59 GMT',
648 silly get     via: '1.1 varnish',
648 silly get     age: '15',
648 silly get     connection: 'keep-alive',
648 silly get     'x-served-by': 'cache-fra1248-FRA',
648 silly get     'x-cache': 'HIT',
648 silly get     'x-cache-hits': '1',
648 silly get     'x-timer': 'S1444934819.676416,VS0,VE2',
648 silly get     vary: 'Accept' } ]
649 verbose get saving express to /Users/anna/.npm/registry.npmjs.org/express/.cache.json
650 silly addNameTag next cb for express with tag latest
651 verbose addNamed express@4.13.3
652 silly addNamed semver.valid 4.13.3
653 silly addNamed semver.validRange 4.13.3
654 silly cache afterAdd express@4.13.3
655 verbose afterAdd /Users/anna/.npm/express/4.13.3/package/package.json not in flight; writing
656 verbose afterAdd /Users/anna/.npm/express/4.13.3/package/package.json written
657 info already installed express@4.13.3
658 http 200 https://registry.npmjs.org/gulp
659 silly get cb [ 200,
659 silly get   { server: 'CouchDB/1.5.0 (Erlang OTP/R16B03)',
659 silly get     etag: '"A30UVFRWGNJYROIUQVUNW4I57"',
659 silly get     'content-type': 'application/json',
659 silly get     'cache-control': 'max-age=60',
659 silly get     'content-length': '107149',
659 silly get     'accept-ranges': 'bytes',
659 silly get     date: 'Thu, 15 Oct 2015 18:47:00 GMT',
659 silly get     via: '1.1 varnish',
659 silly get     age: '0',
659 silly get     connection: 'keep-alive',
659 silly get     'x-served-by': 'cache-fra1224-FRA',
659 silly get     'x-cache': 'HIT',
659 silly get     'x-cache-hits': '1',
659 silly get     'x-timer': 'S1444934819.571542,VS0,VE711',
659 silly get     vary: 'Accept' } ]
660 verbose get saving gulp to /Users/anna/.npm/registry.npmjs.org/gulp/.cache.json
661 silly addNameTag next cb for gulp with tag latest
662 verbose addNamed gulp@3.9.0
663 silly addNamed semver.valid 3.9.0
664 silly addNamed semver.validRange 3.9.0
665 silly cache afterAdd gulp@3.9.0
666 verbose afterAdd /Users/anna/.npm/gulp/3.9.0/package/package.json not in flight; writing
667 verbose afterAdd /Users/anna/.npm/gulp/3.9.0/package/package.json written
668 info already installed gulp@3.9.0
669 http 304 https://registry.npmjs.org/gulp-postcss
670 silly get cb [ 304,
670 silly get   { date: 'Thu, 15 Oct 2015 18:46:59 GMT',
670 silly get     via: '1.1 varnish',
670 silly get     'cache-control': 'max-age=60',
670 silly get     etag: '"3KMQT3JA5H50TWNA88NZTEYYP"',
670 silly get     age: '0',
670 silly get     connection: 'keep-alive',
670 silly get     'x-served-by': 'cache-fra1225-FRA',
670 silly get     'x-cache': 'HIT',
670 silly get     'x-cache-hits': '1',
670 silly get     'x-timer': 'S1444934819.629826,VS0,VE878',
670 silly get     vary: 'Accept' } ]
671 verbose etag https://registry.npmjs.org/gulp-postcss from cache
672 verbose get saving gulp-postcss to /Users/anna/.npm/registry.npmjs.org/gulp-postcss/.cache.json
673 silly addNameTag next cb for gulp-postcss with tag latest
674 verbose addNamed gulp-postcss@6.0.1
675 silly addNamed semver.valid 6.0.1
676 silly addNamed semver.validRange 6.0.1
677 silly cache afterAdd gulp-postcss@6.0.1
678 verbose afterAdd /Users/anna/.npm/gulp-postcss/6.0.1/package/package.json not in flight; writing
679 verbose afterAdd /Users/anna/.npm/gulp-postcss/6.0.1/package/package.json written
680 info already installed gulp-postcss@6.0.1
681 http 200 https://registry.npmjs.org/babel
682 silly get cb [ 200,
682 silly get   { server: 'CouchDB/1.5.0 (Erlang OTP/R16B03)',
682 silly get     etag: '"72G2692CXLT4AJ39ICR07LUAV"',
682 silly get     'content-type': 'application/json',
682 silly get     'cache-control': 'max-age=60',
682 silly get     'content-length': '209692',
682 silly get     'accept-ranges': 'bytes',
682 silly get     date: 'Thu, 15 Oct 2015 18:47:00 GMT',
682 silly get     via: '1.1 varnish',
682 silly get     age: '0',
682 silly get     connection: 'keep-alive',
682 silly get     'x-served-by': 'cache-fra1242-FRA',
682 silly get     'x-cache': 'HIT',
682 silly get     'x-cache-hits': '1',
682 silly get     'x-timer': 'S1444934819.668400,VS0,VE832',
682 silly get     vary: 'Accept' } ]
683 verbose get saving babel to /Users/anna/.npm/registry.npmjs.org/babel/.cache.json
684 silly addNameTag next cb for babel with tag latest
685 verbose addNamed babel@5.8.23
686 silly addNamed semver.valid 5.8.23
687 silly addNamed semver.validRange 5.8.23
688 silly cache afterAdd babel@5.8.23
689 verbose afterAdd /Users/anna/.npm/babel/5.8.23/package/package.json not in flight; writing
690 verbose afterAdd /Users/anna/.npm/babel/5.8.23/package/package.json written
691 info already installed babel@5.8.23
692 http 200 https://registry.npmjs.org/browserify
693 silly get cb [ 200,
693 silly get   { server: 'CouchDB/1.5.0 (Erlang OTP/R16B03)',
693 silly get     etag: '"7HSR165APUHEC5K9H61FYEZGN"',
693 silly get     'content-type': 'application/json',
693 silly get     'cache-control': 'max-age=60',
693 silly get     'content-length': '843963',
693 silly get     'accept-ranges': 'bytes',
693 silly get     date: 'Thu, 15 Oct 2015 18:47:00 GMT',
693 silly get     via: '1.1 varnish',
693 silly get     age: '0',
693 silly get     connection: 'keep-alive',
693 silly get     'x-served-by': 'cache-fra1242-FRA',
693 silly get     'x-cache': 'HIT',
693 silly get     'x-cache-hits': '1',
693 silly get     'x-timer': 'S1444934819.704023,VS0,VE728',
693 silly get     vary: 'Accept' } ]
694 verbose get saving browserify to /Users/anna/.npm/registry.npmjs.org/browserify/.cache.json
695 silly addNameTag next cb for browserify with tag latest
696 verbose addNamed browserify@11.2.0
697 silly addNamed semver.valid 11.2.0
698 silly addNamed semver.validRange 11.2.0
699 silly cache afterAdd browserify@11.2.0
700 verbose afterAdd /Users/anna/.npm/browserify/11.2.0/package/package.json not in flight; writing
701 verbose afterAdd /Users/anna/.npm/browserify/11.2.0/package/package.json written
702 info already installed browserify@11.2.0
703 verbose addRemoteGit git clone git://github.com/ngryman/jquery.finger.git Cloning into bare repository '/Users/anna/.npm/_git-remotes/git-github-com-ngryman-jquery-finger-git-b0ebceb8'...
704 verbose addRemoteGit set permissions on /Users/anna/.npm/_git-remotes/git-github-com-ngryman-jquery-finger-git-b0ebceb8
705 verbose addRemoteGit original treeish: master
706 info git [ 'rev-list', '-n1', 'master' ]
707 silly addRemoteGit resolved treeish: 90fd17e162e2b441712a15496c4ec47d6563aca9
708 verbose addRemoteGit resolved Git URL: git://github.com/ngryman/jquery.finger.git#90fd17e162e2b441712a15496c4ec47d6563aca9
709 silly addRemoteGit Git working directory: /var/folders/nd/19qcr3992l5dv7w0dnzn6cnc0000gn/T/npm-8310-22c7bf1e/git-cache-5458d7866021/90fd17e162e2b441712a15496c4ec47d6563aca9
710 info git [ 'clone',
710 info git   '/Users/anna/.npm/_git-remotes/git-github-com-ngryman-jquery-finger-git-b0ebceb8',
710 info git   '/var/folders/nd/19qcr3992l5dv7w0dnzn6cnc0000gn/T/npm-8310-22c7bf1e/git-cache-5458d7866021/90fd17e162e2b441712a15496c4ec47d6563aca9' ]
711 verbose addRemoteGit clone Cloning into '/var/folders/nd/19qcr3992l5dv7w0dnzn6cnc0000gn/T/npm-8310-22c7bf1e/git-cache-5458d7866021/90fd17e162e2b441712a15496c4ec47d6563aca9'...
711 verbose addRemoteGit done.
712 info git [ 'checkout', '90fd17e162e2b441712a15496c4ec47d6563aca9' ]
713 verbose addRemoteGit checkout Note: checking out '90fd17e162e2b441712a15496c4ec47d6563aca9'.
713 verbose addRemoteGit
713 verbose addRemoteGit You are in 'detached HEAD' state. You can look around, make experimental
713 verbose addRemoteGit changes and commit them, and you can discard any commits you make in this
713 verbose addRemoteGit state without impacting any branches by performing another checkout.
713 verbose addRemoteGit
713 verbose addRemoteGit If you want to create a new branch to retain commits you create, you may
713 verbose addRemoteGit do so (now or later) by using -b with the checkout command again. Example:
713 verbose addRemoteGit
713 verbose addRemoteGit   git checkout -b new_branch_name
713 verbose addRemoteGit
713 verbose addRemoteGit HEAD is now at 90fd17e... Merge pull request #43 from ozio/browserify-fix
714 verbose addLocalDirectory /Users/anna/.npm/jquery.finger/0.1.3/package.tgz not in flight; packing
715 verbose tar pack [ '/Users/anna/.npm/jquery.finger/0.1.3/package.tgz',
715 verbose tar pack   '/var/folders/nd/19qcr3992l5dv7w0dnzn6cnc0000gn/T/npm-8310-22c7bf1e/git-cache-5458d7866021/90fd17e162e2b441712a15496c4ec47d6563aca9' ]
716 verbose tarball /Users/anna/.npm/jquery.finger/0.1.3/package.tgz
717 verbose folder /var/folders/nd/19qcr3992l5dv7w0dnzn6cnc0000gn/T/npm-8310-22c7bf1e/git-cache-5458d7866021/90fd17e162e2b441712a15496c4ec47d6563aca9
718 verbose addLocalTarball adding from inside cache /Users/anna/.npm/jquery.finger/0.1.3/package.tgz
719 verbose addRemoteGit data._resolved: git://github.com/ngryman/jquery.finger.git#90fd17e162e2b441712a15496c4ec47d6563aca9
720 silly addRemoteGit data._from: git://github.com/ngryman/jquery.finger.git
721 silly cache afterAdd jquery.finger@0.1.3
722 verbose afterAdd /Users/anna/.npm/jquery.finger/0.1.3/package/package.json not in flight; writing
723 verbose afterAdd /Users/anna/.npm/jquery.finger/0.1.3/package/package.json written
724 info already installed jquery.finger@0.1.3
725 silly install resolved []
726 info build /Users/anna/Workspace/smooth
727 verbose linkStuff [ false, false, false, '/Users/anna/Workspace' ]
728 info linkStuff blank@0.0.0
729 verbose linkBins blank@0.0.0
730 verbose linkMans blank@0.0.0
731 verbose rebuildBundles blank@0.0.0
732 verbose rebuildBundles [ '.DS_Store',
732 verbose rebuildBundles   '.bin',
732 verbose rebuildBundles   'autoprefixer',
732 verbose rebuildBundles   'babel',
732 verbose rebuildBundles   'babelify',
732 verbose rebuildBundles   'body-parser',
732 verbose rebuildBundles   'browserify',
732 verbose rebuildBundles   'consolidate',
732 verbose rebuildBundles   'cookie-parser',
732 verbose rebuildBundles   'del',
732 verbose rebuildBundles   'ejs',
732 verbose rebuildBundles   'envify',
732 verbose rebuildBundles   'event-stream',
732 verbose rebuildBundles   'express',
732 verbose rebuildBundles   'express-state',
732 verbose rebuildBundles   'glob',
732 verbose rebuildBundles   'gulp',
732 verbose rebuildBundles   'gulp-base64',
732 verbose rebuildBundles   'gulp-csso',
732 verbose rebuildBundles   'gulp-less',
732 verbose rebuildBundles   'gulp-postcss',
732 verbose rebuildBundles   'gulp-replace',
732 verbose rebuildBundles   'gulp-rev',
732 verbose rebuildBundles   'gulp-uglify',
732 verbose rebuildBundles   'jquery',
732 verbose rebuildBundles   'jquery.finger',
732 verbose rebuildBundles   'lodash',
732 verbose rebuildBundles   'nodemon',
732 verbose rebuildBundles   'vinyl-source-stream' ]
733 info install blank@0.0.0
734 info postinstall blank@0.0.0
735 verbose unsafe-perm in lifecycle true
736 info blank@0.0.0 Failed to exec postinstall script
737 verbose stack Error: blank@0.0.0 postinstall: `./bin/build`
737 verbose stack Exit status 1
737 verbose stack     at EventEmitter.<anonymous> (/usr/local/lib/node_modules/npm/lib/utils/lifecycle.js:213:16)
737 verbose stack     at EventEmitter.emit (events.js:110:17)
737 verbose stack     at ChildProcess.<anonymous> (/usr/local/lib/node_modules/npm/lib/utils/spawn.js:14:12)
737 verbose stack     at ChildProcess.emit (events.js:110:17)
737 verbose stack     at maybeClose (child_process.js:1015:16)
737 verbose stack     at Process.ChildProcess._handle.onexit (child_process.js:1087:5)
738 verbose pkgid blank@0.0.0
739 verbose cwd /Users/anna/Workspace/smooth
740 error Darwin 14.5.0
741 error argv "node" "/usr/local/bin/npm" "install"
742 error node v0.12.2
743 error npm  v2.7.4
744 error code ELIFECYCLE
745 error blank@0.0.0 postinstall: `./bin/build`
745 error Exit status 1
746 error Failed at the blank@0.0.0 postinstall script './bin/build'.
746 error This is most likely a problem with the blank package,
746 error not with npm itself.
746 error Tell the author that this fails on your system:
746 error     ./bin/build
746 error You can get their info via:
746 error     npm owner ls blank
746 error There is likely additional logging output above.
747 verbose exit [ 1, true ]
